GoodSL: 583400
Objective Function = GoodSL/simDuration: 0.6752314814814815
NumPeriods: 14 NumMainPeriods: 12
numGoodSL:5782   numServed:12930  numGoodSL/simDuration: 0.006692130
Arrival rate of contacts of type k in all periods. 
0   0.010049769
0   0.010049769
0   0.010049769
0   0.010049769
0   0.010049769
0   0.010049769
0   0.010049769
0   0.010049769
0   0.010049769
0   0.010049769
0   0.010049769
0   0.010049769
1   0.004923611
1   0.004923611
1   0.004923611
1   0.004923611
1   0.004923611
1   0.004923611
1   0.004923611
1   0.004923611
1   0.004923611
1   0.004923611
1   0.004923611
1   0.004923611

Avg. service time of contact k at group i
0   0   0.000000000
0   1   1.428702190
1   0   4.133576522
1   1   0.000000000

